Operating system: Microsoft Windows NT 6.2.9200.0
Opening INI file "C:\Bonsonic 2\SonLVL INI Files\SonLVL.ini"...
Game type is S2.
Loading Casino Night Zone Act 1...
Loading 16x16 blocks from file "../mappings/16x16/CNZ.bin", using compression Kosinski...
Loading 8x8 tiles from file "../art/kosinski/CNZ.bin", using compression Kosinski...
Loading 128x128 chunks from file "../mappings/128x128/CNZ.bin", using compression Kosinski...
Loading layout from file "../level/layout/CNZ_1.bin", using compression Kosinski...
Loading layout from file "../level/layout/CNZ_2.bin", using compression Kosinski...
Loading palette file "../art/palettes/SonicAndTails.bin"...
Source: 0 Destination: 0 Length: 16
Loading palette file "../art/palettes/CNZ.bin"...
Source: 0 Destination: 16 Length: 48
Loading object definition file "obj.ini".
Loading object definition file "objCNZ.ini".
Loading ObjectDefinition type S2ObjectDefinitions.Common.PathSwapper from "Common\PathSwapper.cs"...
Loading type from cached assembly "dllcache\S2ObjectDefinitions.Common.PathSwapper.dll"...
Loading ObjectDefinition type S2ObjectDefinitions.Common.InvisibleBlock from "Common\InvisibleBlock.cs"...
Loading type from cached assembly "dllcache\S2ObjectDefinitions.Common.InvisibleBlock.dll"...
Loading type from cached assembly "dllcache\S2ObjectDefinitions.Common.Spikes.dll"...
Loading objects from file "../level/objects/CNZ_1.bin", using compression Uncompressed...
Loading rings from file "../level/rings/CNZ_1.bin", using compression Uncompressed...
Loading start position "Level Start" from file "../startpos/CNZ_1.bin"...
Loading bumpers from file "../level/objects/CNZ 1 bumpers.bin", using compression Uncompressed...
Drawing block bitmaps...
Drawing chunk bitmaps...
Level loaded in 1.2847096 second(s).
Load completed.
Saving Casino Night Zone Act 1...
Saving Casino Night Zone Act 1...
Saving Casino Night Zone Act 1...
Saving Casino Night Zone Act 1...
Saving Casino Night Zone Act 1...
Saving Casino Night Zone Act 1...
Saving Casino Night Zone Act 1...
Saving Casino Night Zone Act 1...
Loading Aquatic Ruin Zone Act 1...
Loading 16x16 blocks from file "../mappings/16x16/ARZ.bin", using compression Kosinski...
Loading 128x128 chunks from file "../mappings/128x128/ARZ.bin", using compression Kosinski...
Loading layout from file "../level/layout/ARZ_1.bin", using compression Kosinski...
Loading 8x8 tiles from file "../art/kosinski/ARZ.bin", using compression Kosinski...
Loading layout from file "../level/layout/ARZ_2.bin", using compression Kosinski...
Loading palette file "../art/palettes/SonicAndTails.bin"...
Source: 0 Destination: 0 Length: 16
Loading palette file "../art/palettes/ARZ.bin"...
Source: 0 Destination: 16 Length: 48
Loading palette file "../art/palettes/ARZ underwater.bin"...
Source: 0 Destination: 0 Length: 64
Loading object definition file "obj.ini".
Loading object definition file "objARZ.ini".
Loading ObjectDefinition type S2ObjectDefinitions.Common.PathSwapper from "Common\PathSwapper.cs"...
Loading type from cached assembly "dllcache\S2ObjectDefinitions.Common.PathSwapper.dll"...
Loading type from cached assembly "dllcache\S2ObjectDefinitions.Common.Spikes.dll"...
Loading type from cached assembly "dllcache\S2ObjectDefinitions.ARZ.SwingingPlatform.dll"...
Loading type from cached assembly "dllcache\S2ObjectDefinitions.ARZ.Bubbles.dll"...
Loading ObjectDefinition type S2ObjectDefinitions.Common.InvisibleBlock from "Common\InvisibleBlock.cs"...
Loading type from cached assembly "dllcache\S2ObjectDefinitions.Common.InvisibleBlock.dll"...
Loading objects from file "../level/objects/ARZ_1.bin", using compression Uncompressed...
Loading rings from file "../level/rings/ARZ_1.bin", using compression Uncompressed...
Loading start position "Level Start" from file "../startpos/ARZ_1.bin"...
Drawing block bitmaps...
Drawing chunk bitmaps...
Level loaded in 1.3174202 second(s).
Load completed.
Saving Aquatic Ruin Zone Act 1...
Saving Aquatic Ruin Zone Act 1...
Saving Aquatic Ruin Zone Act 1...
Saving Aquatic Ruin Zone Act 1...
Loading Casino Night Zone Act 2...
Loading 8x8 tiles from file "../art/kosinski/CNZ.bin", using compression Kosinski...
Loading 16x16 blocks from file "../mappings/16x16/CNZ.bin", using compression Kosinski...
Loading 128x128 chunks from file "../mappings/128x128/CNZ.bin", using compression Kosinski...
Loading layout from file "../level/layout/CNZ_2.bin", using compression Kosinski...
Loading palette file "../art/palettes/SonicAndTails.bin"...
Source: 0 Destination: 0 Length: 16
Loading layout from file "../level/layout/CNZ_1.bin", using compression Kosinski...
System.AggregateException: One or more errors occurred. ---> System.IO.IOException: The process cannot access the file 'C:\Bonsonic 2\art\palettes\SonicAndTails.bin' because it is being used by another process.
   at System.IO.__Error.WinIOError(Int32 errorCode, String maybeFullPath)
   at System.IO.FileStream.Init(String path, FileMode mode, FileAccess access, Int32 rights, Boolean useRights, FileShare share, Int32 bufferSize, FileOptions options, SECURITY_ATTRIBUTES secAttrs, String msgPath, Boolean bFromProxy, Boolean useLongPath, Boolean checkHost)
   at System.IO.FileStream..ctor(String path, FileMode mode, FileAccess access, FileShare share, Int32 bufferSize, FileOptions options, String msgPath, Boolean bFromProxy, Boolean useLongPath, Boolean checkHost)
   at System.IO.File.InternalReadAllBytes(String path, Boolean checkHost)
   at SonicRetro.SonLVL.API.LevelData.LoadLevelPalette() in D:\Programs\SonLVL\SonLVLAPI\LevelData.cs:line 690
   at System.Threading.Tasks.Task.InnerInvoke()
   at System.Threading.Tasks.Task.Execute()
   --- End of inner exception stack trace ---
   at System.Threading.Tasks.Task.WaitAll(Task[] tasks, Int32 millisecondsTimeout, CancellationToken cancellationToken)
   at System.Threading.Tasks.Task.WaitAll(Task[] tasks, Int32 millisecondsTimeout)
   at System.Threading.Tasks.Parallel.Invoke(ParallelOptions parallelOptions, Action[] actions)
   at System.Threading.Tasks.Parallel.Invoke(Action[] actions)
   at SonicRetro.SonLVL.API.LevelData.LoadLevel(String levelname, Boolean loadGraphics) in D:\Programs\SonLVL\SonLVLAPI\LevelData.cs:line 179
   at SonicRetro.SonLVL.GUI.MainForm.backgroundLevelLoader_DoWork(Object sender, DoWorkEventArgs e) in D:\Programs\SonLVL\SonLVL\MainForm.cs:line 574
---> (Inner Exception #0) System.IO.IOException: The process cannot access the file 'C:\Bonsonic 2\art\palettes\SonicAndTails.bin' because it is being used by another process.
   at System.IO.__Error.WinIOError(Int32 errorCode, String maybeFullPath)
   at System.IO.FileStream.Init(String path, FileMode mode, FileAccess access, Int32 rights, Boolean useRights, FileShare share, Int32 bufferSize, FileOptions options, SECURITY_ATTRIBUTES secAttrs, String msgPath, Boolean bFromProxy, Boolean useLongPath, Boolean checkHost)
   at System.IO.FileStream..ctor(String path, FileMode mode, FileAccess access, FileShare share, Int32 bufferSize, FileOptions options, String msgPath, Boolean bFromProxy, Boolean useLongPath, Boolean checkHost)
   at System.IO.File.InternalReadAllBytes(String path, Boolean checkHost)
   at SonicRetro.SonLVL.API.LevelData.LoadLevelPalette() in D:\Programs\SonLVL\SonLVLAPI\LevelData.cs:line 690
   at System.Threading.Tasks.Task.InnerInvoke()
   at System.Threading.Tasks.Task.Execute()<---

